
> jowen-pos-frontend@0.1.0 test:unit
> vitest --coverage --no-file-parallelism --no-color

2:03:57 PM [vite] warning: `esbuild` option was specified by "vite:react-babel" plugin. This option is deprecated, please use `oxc` instead.
2:03:57 PM [vite] warning: `optimizeDeps.esbuildOptions` option was specified by "vite:react-babel" plugin. This option is deprecated, please use `optimizeDeps.rolldownOptions` instead.
Both esbuild and oxc options were set. oxc options will be used and esbuild options will be ignored. The following esbuild options were set: `{ jsx: 'automatic', jsxImportSource: undefined }`

 DEV  v4.1.9 c:/Users/Trishia/OneDrive/Documents/3rd Year Coding/123/SetupNiJoben/frontend
      Coverage enabled with v8

 ❯ tests/App.test.jsx (0 test)
 ❯ tests/CustomerRecordingButton.test.jsx (0 test)
 ❯ tests/LoginPage.test.jsx (0 test)
 ❯ tests/MainPOS.test.jsx (0 test)
 ❯ tests/OrderSummary.test.jsx (0 test)
 ❯ tests/ProductPage.test.jsx (0 test)
 ❯ tests/Sidebar.test.jsx (0 test)

⎯⎯⎯⎯⎯⎯ Failed Suites 7 ⎯⎯⎯⎯⎯⎯⎯

 FAIL  tests/App.test.jsx [ tests/App.test.jsx ]
TypeError: Cannot read properties of undefined (reading 'config')
 ❯ tests/App.test.jsx:6:1

⎯⎯⎯⎯⎯⎯⎯⎯⎯⎯⎯⎯⎯⎯⎯⎯⎯⎯⎯⎯⎯⎯⎯⎯[1/7]⎯

 FAIL  tests/CustomerRecordingButton.test.jsx [ tests/CustomerRecordingButton.test.jsx ]
TypeError: Cannot read properties of undefined (reading 'config')
 ❯ tests/CustomerRecordingButton.test.jsx:6:1

⎯⎯⎯⎯⎯⎯⎯⎯⎯⎯⎯⎯⎯⎯⎯⎯⎯⎯⎯⎯⎯⎯⎯⎯[2/7]⎯

 FAIL  tests/LoginPage.test.jsx [ tests/LoginPage.test.jsx ]
TypeError: Cannot read properties of undefined (reading 'config')
 ❯ tests/LoginPage.test.jsx:6:1

⎯⎯⎯⎯⎯⎯⎯⎯⎯⎯⎯⎯⎯⎯⎯⎯⎯⎯⎯⎯⎯⎯⎯⎯[3/7]⎯

 FAIL  tests/MainPOS.test.jsx [ tests/MainPOS.test.jsx ]
TypeError: Cannot read properties of undefined (reading 'config')
 ❯ tests/MainPOS.test.jsx:6:1

⎯⎯⎯⎯⎯⎯⎯⎯⎯⎯⎯⎯⎯⎯⎯⎯⎯⎯⎯⎯⎯⎯⎯⎯[4/7]⎯

 FAIL  tests/OrderSummary.test.jsx [ tests/OrderSummary.test.jsx ]
TypeError: Cannot read properties of undefined (reading 'config')
 ❯ tests/OrderSummary.test.jsx:6:1

⎯⎯⎯⎯⎯⎯⎯⎯⎯⎯⎯⎯⎯⎯⎯⎯⎯⎯⎯⎯⎯⎯⎯⎯[5/7]⎯

 FAIL  tests/ProductPage.test.jsx [ tests/ProductPage.test.jsx ]
TypeError: Cannot read properties of undefined (reading 'config')
 ❯ tests/ProductPage.test.jsx:6:1

⎯⎯⎯⎯⎯⎯⎯⎯⎯⎯⎯⎯⎯⎯⎯⎯⎯⎯⎯⎯⎯⎯⎯⎯[6/7]⎯

 FAIL  tests/Sidebar.test.jsx [ tests/Sidebar.test.jsx ]
TypeError: Cannot read properties of undefined (reading 'config')
 ❯ tests/Sidebar.test.jsx:6:1

⎯⎯⎯⎯⎯⎯⎯⎯⎯⎯⎯⎯⎯⎯⎯⎯⎯⎯⎯⎯⎯⎯⎯⎯[7/7]⎯


 Test Files  7 failed (7)
      Tests  no tests
   Start at  14:03:57
   Duration  26.11s (transform 514ms, setup 2.63s, import 0ms, tests 0ms, environment 10.15s)

 FAIL  Tests failed. Watching for file changes...
       press h to show help, press q to quit
